Using pre-set license
Built from '2020.3/staging' branch; Version is '2020.3.0f1 (c7b5465681fb) revision 13088070'; Using compiler version '192528614'; Build Type 'Release'
OS: 'Windows 10 Home; OS build 19043.1165; Version 2009; 64bit' Language: 'en' Physical Memory: 16318 MB
BatchMode: 1, IsHumanControllingUs: 0, StartBugReporterOnCrash: 0, Is64bit: 1, IsPro: 0

 COMMAND LINE ARGUMENTS:
C:\Program Files\Unity\Hub\Editor\2020.3.0f1\Editor\Unity.exe
-adb2
-batchMode
-noUpm
-name
AssetImportWorker0
-projectPath
C:/Users/Keith Lowry/Documents/Unity Projects/Turn-Based-RPG-Tutorial/Turn Based RPG Tutorial
-logFile
Logs/AssetImportWorker0.log
-srvPort
52902
Successfully changed project path to: C:/Users/Keith Lowry/Documents/Unity Projects/Turn-Based-RPG-Tutorial/Turn Based RPG Tutorial
C:/Users/Keith Lowry/Documents/Unity Projects/Turn-Based-RPG-Tutorial/Turn Based RPG Tutorial
Using Asset Import Pipeline V2.
Refreshing native plugins compatible for Editor in 28.62 ms, found 1 plugins.
Preloading 0 native plugins for Editor in 0.00 ms.
Initialize engine version: 2020.3.0f1 (c7b5465681fb)
[Subsystems] Discovering subsystems at path C:/Program Files/Unity/Hub/Editor/2020.3.0f1/Editor/Data/Resources/UnitySubsystems
[Subsystems] Discovering subsystems at path C:/Users/Keith Lowry/Documents/Unity Projects/Turn-Based-RPG-Tutorial/Turn Based RPG Tutorial/Assets
GfxDevice: creating device client; threaded=0
Direct3D:
    Version:  Direct3D 11.0 [level 11.1]
    Renderer: NVIDIA GeForce GTX 1080 (ID=0x1b80)
    Vendor:   
    VRAM:     8079 MB
    Driver:   30.0.14.7196
Initialize mono
Mono path[0] = 'C:/Program Files/Unity/Hub/Editor/2020.3.0f1/Editor/Data/Managed'
Mono path[1] = 'C:/Program Files/Unity/Hub/Editor/2020.3.0f1/Editor/Data/MonoBleedingEdge/lib/mono/unityjit'
Mono config path = 'C:/Program Files/Unity/Hub/Editor/2020.3.0f1/Editor/Data/MonoBleedingEdge/etc'
Using monoOptions --debugger-agent=transport=dt_socket,embedding=1,server=y,suspend=n,address=127.0.0.1:56248
Begin MonoManager ReloadAssembly
Registering precompiled unity dll's ...
Register platform support module: C:/Program Files/Unity/Hub/Editor/2020.3.0f1/Editor/Data/PlaybackEngines/WindowsStandaloneSupport/UnityEditor.WindowsStandalone.Extensions.dll
Registered in 0.001761 seconds.
Native extension for WindowsStandalone target not found
Refreshing native plugins compatible for Editor in 31.59 ms, found 1 plugins.
Preloading 0 native plugins for Editor in 0.00 ms.
Invoked RoslynAnalysisRunner static constructor.
RoslynAnalysisRunner will not be running.
RoslynAnalysisRunner has terminated.
Mono: successfully reloaded assembly
- Completed reload, in  0.834 seconds
Platform modules already initialized, skipping
Registering precompiled user dll's ...
Registered in 0.000983 seconds.
Begin MonoManager ReloadAssembly
Native extension for WindowsStandalone target not found
Refreshing native plugins compatible for Editor in 29.17 ms, found 1 plugins.
Preloading 0 native plugins for Editor in 0.00 ms.
Invoked RoslynAnalysisRunner static constructor.
RoslynAnalysisRunner will not be running.
RoslynAnalysisRunner has terminated.
Mono: successfully reloaded assembly
- Completed reload, in  0.716 seconds
Platform modules already initialized, skipping
========================================================================
Worker process is ready to serve import requests
Launched and connected shader compiler UnityShaderCompiler.exe after 0.04 seconds
Refreshing native plugins compatible for Editor in 0.37 ms, found 1 plugins.
Preloading 0 native plugins for Editor in 0.00 ms.
Unloading 1810 Unused Serialized files (Serialized files now loaded: 0)
System memory in use before: 85.5 MB.
System memory in use after: 85.4 MB.

Unloading 24 unused Assets to reduce memory usage. Loaded Objects now: 2254.
Total: 1.862300 ms (FindLiveObjects: 0.228500 ms CreateObjectMapping: 0.049500 ms MarkObjects: 1.483200 ms  DeleteObjects: 0.100200 ms)

========================================================================
Received Import Request.
  path: Assets/Resources/Sprites/bean boy.png
  artifactKey: Guid(eca8f13565acc81458f2073074a4efd9) Importer(815301076,1909f56bfc062723c751e8b465ee728b)
Start importing Assets/Resources/Sprites/bean boy.png using Guid(eca8f13565acc81458f2073074a4efd9) Importer(815301076,1909f56bfc062723c751e8b465ee728b)  -> (artifact id: '0c8deb2a82b72fef56bb6d36662a8c25') in 0.075476 seconds
  Import took 0.078226 seconds .

========================================================================
Received Import Request.
  Time since last request: 0.000178 seconds.
  path: Assets/Resources/Sprites
  artifactKey: Guid(58e30085b19ad2f4c989706efc305214) Importer(815301076,1909f56bfc062723c751e8b465ee728b)
Start importing Assets/Resources/Sprites using Guid(58e30085b19ad2f4c989706efc305214) Importer(815301076,1909f56bfc062723c751e8b465ee728b)  -> (artifact id: '4985cbf06b6658ec25fcea73565f5146') in 0.005007 seconds
  Import took 0.007243 seconds .

========================================================================
Received Import Request.
  Time since last request: 2.094707 seconds.
  path: Assets/Scenes
  artifactKey: Guid(e0f9807dd5aa35e4a984ce380ab391c6) Importer(815301076,1909f56bfc062723c751e8b465ee728b)
Start importing Assets/Scenes using Guid(e0f9807dd5aa35e4a984ce380ab391c6) Importer(815301076,1909f56bfc062723c751e8b465ee728b)  -> (artifact id: 'cb7e755c968a5e6f1d702867f4e9d7b2') in 0.006553 seconds
  Import took 0.009365 seconds .

========================================================================
Received Import Request.
  Time since last request: 0.653832 seconds.
  path: Assets/Scenes/SampleScene.unity
  artifactKey: Guid(2cda990e2423bbf4892e6590ba056729) Importer(815301076,1909f56bfc062723c751e8b465ee728b)
Start importing Assets/Scenes/SampleScene.unity using Guid(2cda990e2423bbf4892e6590ba056729) Importer(815301076,1909f56bfc062723c751e8b465ee728b)  -> (artifact id: '47883eb128d4d362f4556a2a4591dc9c') in 0.006746 seconds
  Import took 0.009476 seconds .

========================================================================
Received Import Request.
  Time since last request: 9.727977 seconds.
  path: Assets/Sprites
  artifactKey: Guid(cccc2502d98576c40be9d32d9668b03b) Importer(815301076,1909f56bfc062723c751e8b465ee728b)
Start importing Assets/Sprites using Guid(cccc2502d98576c40be9d32d9668b03b) Importer(815301076,1909f56bfc062723c751e8b465ee728b)  -> (artifact id: 'c96a7673432876763a5376d38af1faea') in 0.002632 seconds
  Import took 0.005527 seconds .

========================================================================
Received Prepare
Registering precompiled user dll's ...
Registered in 0.000983 seconds.
Begin MonoManager ReloadAssembly
Native extension for WindowsStandalone target not found
Refreshing native plugins compatible for Editor in 0.38 ms, found 1 plugins.
Preloading 0 native plugins for Editor in 0.00 ms.
Invoked RoslynAnalysisRunner static constructor.
RoslynAnalysisRunner will not be running.
RoslynAnalysisRunner has terminated.
Mono: successfully reloaded assembly
- Completed reload, in  0.647 seconds
Platform modules already initialized, skipping
Refreshing native plugins compatible for Editor in 0.33 ms, found 1 plugins.
Preloading 0 native plugins for Editor in 0.00 ms.
Unloading 1805 Unused Serialized files (Serialized files now loaded: 0)
System memory in use before: 88.5 MB.
System memory in use after: 88.5 MB.

Unloading 12 unused Assets to reduce memory usage. Loaded Objects now: 2264.
Total: 1.747400 ms (FindLiveObjects: 0.164400 ms CreateObjectMapping: 0.045300 ms MarkObjects: 1.451500 ms  DeleteObjects: 0.085400 ms)

AssetImportWorkerClient::OnTransportError - code=2 error=End of file
